This is pdfTeX, Version 3.1415926-2.3-1.40.12 (MiKTeX 2.9) (preloaded format=pdflatex 2012.5.25)  28 MAY 2012 02:19
entering extended mode
**C:/Users/Justice/Desktop/egPublStyle-SCA2012/egPublStyle-SCA2012/EGauthorGuid
elines-sca2012-sub.tex

(C:/Users/Justice/Desktop/egPublStyle-SCA2012/egPublStyle-SCA2012/EGauthorGuide
lines-sca2012-sub.tex
LaTeX2e <2011/06/27>
Babel <v3.8m> and hyphenation patterns for english, afrikaans, ancientgreek, ar
abic, armenian, assamese, basque, bengali, bokmal, bulgarian, catalan, coptic, 
croatian, czech, danish, dutch, esperanto, estonian, farsi, finnish, french, ga
lician, german, german-x-2009-06-19, greek, gujarati, hindi, hungarian, iceland
ic, indonesian, interlingua, irish, italian, kannada, kurmanji, lao, latin, lat
vian, lithuanian, malayalam, marathi, mongolian, mongolianlmc, monogreek, ngerm
an, ngerman-x-2009-06-19, nynorsk, oriya, panjabi, pinyin, polish, portuguese, 
romanian, russian, sanskrit, serbian, slovak, slovenian, spanish, swedish, swis
sgerman, tamil, telugu, turkish, turkmen, ukenglish, ukrainian, uppersorbian, u
senglishmax, welsh, loaded.
(C:\Users\Justice\Desktop\egPublStyle-SCA2012\egPublStyle-SCA2012\egpubl.cls
Document Class: egpubl 2011/05/04 Document Style for EG Publications v3.53
\c@table=\count79
\c@figure=\count80
\c@part=\count81
\c@section=\count82
\c@subsection=\count83
\c@subsubsection=\count84
\c@paragraph=\count85
\c@subparagraph=\count86
\titlespace=\skip41
\teaserspace=\skip42
\c@p@volume=\count87
\bibhang=\skip43
\every@verbatim=\toks14
\verbatim@line=\toks15
(D:\soft\MikTex\tex\generic\oberdiek\ifpdf.sty
Package: ifpdf 2011/01/30 v2.3 Provides the ifpdf switch (HO)
Package ifpdf Info: pdfTeX in PDF mode is detected.
))
(C:\Users\Justice\Desktop\egPublStyle-SCA2012\egPublStyle-SCA2012\sca2012.sty)
(D:\soft\MikTex\tex\latex\graphics\graphicx.sty
Package: graphicx 1999/02/16 v1.0f Enhanced LaTeX Graphics (DPC,SPQR)

(D:\soft\MikTex\tex\latex\graphics\keyval.sty
Package: keyval 1999/03/16 v1.13 key=value parser (DPC)
\KV@toks@=\toks16
)
(D:\soft\MikTex\tex\latex\graphics\graphics.sty
Package: graphics 2009/02/05 v1.0o Standard LaTeX Graphics (DPC,SPQR)

(D:\soft\MikTex\tex\latex\graphics\trig.sty
Package: trig 1999/03/16 v1.09 sin cos tan (DPC)
)
(D:\soft\MikTex\tex\latex\00miktex\graphics.cfg
File: graphics.cfg 2007/01/18 v1.5 graphics configuration of teTeX/TeXLive
)
Package graphics Info: Driver file: pdftex.def on input line 91.

(D:\soft\MikTex\tex\latex\pdftex-def\pdftex.def
File: pdftex.def 2011/05/27 v0.06d Graphics/color for pdfTeX

(D:\soft\MikTex\tex\generic\oberdiek\infwarerr.sty
Package: infwarerr 2010/04/08 v1.3 Providing info/warning/error messages (HO)
)
(D:\soft\MikTex\tex\generic\oberdiek\ltxcmds.sty
Package: ltxcmds 2011/11/09 v1.22 LaTeX kernel commands for general use (HO)
)
\Gread@gobject=\count88
))
\Gin@req@height=\dimen102
\Gin@req@width=\dimen103
)
(D:\soft\MikTex\tex\latex\hyperref\hyperref.sty
Package: hyperref 2012/05/13 v6.82q Hypertext links for LaTeX

(D:\soft\MikTex\tex\generic\oberdiek\hobsub-hyperref.sty
Package: hobsub-hyperref 2012/04/25 v1.12 Bundle oberdiek, subset hyperref (HO)


(D:\soft\MikTex\tex\generic\oberdiek\hobsub-generic.sty
Package: hobsub-generic 2012/04/25 v1.12 Bundle oberdiek, subset generic (HO)
Package: hobsub 2012/04/25 v1.12 Construct package bundles (HO)
Package hobsub Info: Skipping package `infwarerr' (already loaded).
Package hobsub Info: Skipping package `ltxcmds' (already loaded).
Package: ifluatex 2010/03/01 v1.3 Provides the ifluatex switch (HO)
Package ifluatex Info: LuaTeX not detected.
Package: ifvtex 2010/03/01 v1.5 Detect VTeX and its facilities (HO)
Package ifvtex Info: VTeX not detected.
Package: intcalc 2007/09/27 v1.1 Expandable calculations with integers (HO)
Package hobsub Info: Skipping package `ifpdf' (already loaded).
Package: etexcmds 2011/02/16 v1.5 Avoid name clashes with e-TeX commands (HO)
Package etexcmds Info: Could not find \expanded.
(etexcmds)             That can mean that you are not using pdfTeX 1.50 or
(etexcmds)             that some package has redefined \expanded.
(etexcmds)             In the latter case, load this package earlier.
Package: kvsetkeys 2012/04/25 v1.16 Key value parser (HO)
Package: kvdefinekeys 2011/04/07 v1.3 Define keys (HO)
Package: pdftexcmds 2011/11/29 v0.20 Utility functions of pdfTeX for LuaTeX (HO
)
Package pdftexcmds Info: LuaTeX not detected.
Package pdftexcmds Info: \pdf@primitive is available.
Package pdftexcmds Info: \pdf@ifprimitive is available.
Package pdftexcmds Info: \pdfdraftmode found.
Package: pdfescape 2011/11/25 v1.13 Implements pdfTeX's escape features (HO)
Package: bigintcalc 2012/04/08 v1.3 Expandable calculations on big integers (HO
)
Package: bitset 2011/01/30 v1.1 Handle bit-vector datatype (HO)
Package: uniquecounter 2011/01/30 v1.2 Provide unlimited unique counter (HO)
)
Package hobsub Info: Skipping package `hobsub' (already loaded).
Package: letltxmacro 2010/09/02 v1.4 Let assignment for LaTeX macros (HO)
Package: hopatch 2011/06/24 v1.1 Wrapper for package hooks (HO)
Package: xcolor-patch 2011/01/30 xcolor patch
Package: atveryend 2011/06/30 v1.8 Hooks at the very end of document (HO)
Package atveryend Info: \enddocument detected (standard20110627).
Package: atbegshi 2011/10/05 v1.16 At begin shipout hook (HO)
Package: refcount 2011/10/16 v3.4 Data extraction from label references (HO)
Package: hycolor 2011/01/30 v1.7 Color options for hyperref/bookmark (HO)
)
(D:\soft\MikTex\tex\generic\ifxetex\ifxetex.sty
Package: ifxetex 2010/09/12 v0.6 Provides ifxetex conditional
)
(D:\soft\MikTex\tex\latex\oberdiek\kvoptions.sty
Package: kvoptions 2011/06/30 v3.11 Key value format for package options (HO)
)
\@linkdim=\dimen104
\Hy@linkcounter=\count89
\Hy@pagecounter=\count90

(D:\soft\MikTex\tex\latex\hyperref\pd1enc.def
File: pd1enc.def 2012/05/13 v6.82q Hyperref: PDFDocEncoding definition (HO)
)
\Hy@SavedSpaceFactor=\count91

(D:\soft\MikTex\tex\latex\00miktex\hyperref.cfg
File: hyperref.cfg 2002/06/06 v1.2 hyperref configuration of TeXLive
)
Package hyperref Info: Option `colorlinks' set `true' on input line 3941.
Package hyperref Info: Option `bookmarks' set `false' on input line 3941.
Package hyperref Info: Hyper figures OFF on input line 4062.
Package hyperref Info: Link nesting OFF on input line 4067.
Package hyperref Info: Hyper index ON on input line 4070.
Package hyperref Info: Plain pages OFF on input line 4077.
Package hyperref Info: Backreferencing ON on input line 4080.
Package hyperref Info: Implicit mode ON; LaTeX internals redefined.
Package hyperref Info: Bookmarks OFF on input line 4306.

(D:\soft\MikTex\tex\latex\hyperref\backref.sty
Package: backref 2010/08/30 v1.36 Bibliographical back referencing

(D:\soft\MikTex\tex\latex\oberdiek\rerunfilecheck.sty
Package: rerunfilecheck 2011/04/15 v1.7 Rerun checks for auxiliary files (HO)
Package uniquecounter Info: New unique counter `rerunfilecheck' on input line 2
82.
))
\c@Hy@tempcnt=\count92

(D:\soft\MikTex\tex\latex\ltxmisc\url.sty
\Urlmuskip=\muskip10
Package: url 2006/04/12  ver 3.3  Verb mode for urls, etc.
)
LaTeX Info: Redefining \url on input line 4653.
\Fld@menulength=\count93
\Field@Width=\dimen105
\Fld@charsize=\dimen106
Package hyperref Info: Hyper figures OFF on input line 5773.
Package hyperref Info: Link nesting OFF on input line 5778.
Package hyperref Info: Hyper index ON on input line 5781.
Package hyperref Info: backreferencing ON on input line 5786.
Package hyperref Info: Link coloring ON on input line 5791.
Package hyperref Info: Link coloring with OCG OFF on input line 5798.
Package hyperref Info: PDF/A mode OFF on input line 5803.
LaTeX Info: Redefining \ref on input line 5843.
LaTeX Info: Redefining \pageref on input line 5847.
\Hy@abspage=\count94
\c@Item=\count95
\c@Hfootnote=\count96
)

Package hyperref Message: Driver: hpdftex.

(D:\soft\MikTex\tex\latex\hyperref\hpdftex.def
File: hpdftex.def 2012/05/13 v6.82q Hyperref driver for pdfTeX
\Fld@listcount=\count97
\c@bookmark@seq@number=\count98
\Hy@SectionHShift=\skip44
)
(D:\soft\MikTex\tex\latex\base\t1enc.sty
Package: t1enc 1994/06/01 Standard LaTeX package
)
(C:\Users\Justice\Desktop\egPublStyle-SCA2012\egPublStyle-SCA2012\dfadobe.sty
Package: dfadobe 2000/03/05 v1.4 T1-encoded Times (except symbols), Courier, He
lvetica (at 90\%) + math package
LaTeX Font Info:    Redeclaring symbol font `operators' on input line 14.
LaTeX Font Info:    Overwriting symbol font `operators' in version `normal'
(Font)                  OT1/cmr/m/n --> OT1/ptmcm/m/n on input line 14.
LaTeX Font Info:    Overwriting symbol font `operators' in version `bold'
(Font)                  OT1/cmr/bx/n --> OT1/ptmcm/m/n on input line 14.
LaTeX Font Info:    Redeclaring symbol font `letters' on input line 15.
LaTeX Font Info:    Overwriting symbol font `letters' in version `normal'
(Font)                  OML/cmm/m/it --> OML/ptmcm/m/it on input line 15.
LaTeX Font Info:    Overwriting symbol font `letters' in version `bold'
(Font)                  OML/cmm/b/it --> OML/ptmcm/m/it on input line 15.
LaTeX Font Info:    Redeclaring symbol font `largesymbols' on input line 16.
LaTeX Font Info:    Overwriting symbol font `largesymbols' in version `normal'
(Font)                  OMX/cmex/m/n --> OMX/psycm/m/n on input line 16.
LaTeX Font Info:    Overwriting symbol font `largesymbols' in version `bold'
(Font)                  OMX/cmex/m/n --> OMX/psycm/m/n on input line 16.
\symbold=\mathgroup4
\symitalic=\mathgroup5
LaTeX Font Info:    Redeclaring math alphabet \mathbf on input line 19.
LaTeX Font Info:    Overwriting math alphabet `\mathbf' in version `normal'
(Font)                  OT1/cmr/bx/n --> OT1/ptm/bx/n on input line 19.
LaTeX Font Info:    Overwriting math alphabet `\mathbf' in version `bold'
(Font)                  OT1/cmr/bx/n --> OT1/ptm/bx/n on input line 19.
LaTeX Font Info:    Redeclaring math alphabet \mathit on input line 20.
LaTeX Font Info:    Overwriting math alphabet `\mathit' in version `normal'
(Font)                  OT1/cmr/m/it --> OT1/ptm/m/it on input line 20.
LaTeX Font Info:    Overwriting math alphabet `\mathit' in version `bold'
(Font)                  OT1/cmr/bx/it --> OT1/ptm/m/it on input line 20.

(C:\Users\Justice\Desktop\egPublStyle-SCA2012\egPublStyle-SCA2012\dfT1ptm.fd
File: dfT1ptm.fd 2000/03/05 DF - Fontinst v1.6 font definitions for T1/ptm.
)
(C:\Users\Justice\Desktop\egPublStyle-SCA2012\egPublStyle-SCA2012\dfT1phv.fd
File: dfT1phv.fd 1997/12/02 Fontinst v1.6 font definitions for T1/phv scaled to
 90\%.
)
(C:\Users\Justice\Desktop\egPublStyle-SCA2012\egPublStyle-SCA2012\dfT1pcr.fd
File: dfT1pcr.fd 2000/03/05 DF - Fontinst v1.6 font definitions for T1/pcr.
))
(C:\Users\Justice\Desktop\egPublStyle-SCA2012\egPublStyle-SCA2012\egweblnk.sty
Package: egweblnk 2004/10/29 v2.2 DF's support for http web links in class egpu
bl
) (D:\soft\MikTex\tex\latex\cite\cite.sty
LaTeX Info: Redefining \cite on input line 302.
LaTeX Info: Redefining \nocite on input line 373.
Package: cite 2010/09/10  v 5.3
)
(C:\Users\Justice\Desktop\egPublStyle-SCA2012\egPublStyle-SCA2012\EGauthorGuide
lines-body.inc
No file EGauthorGuidelines-sca2012-sub.aux.
LaTeX Font Info:    Checking defaults for OML/cmm/m/it on input line 32.
LaTeX Font Info:    ... okay on input line 32.
LaTeX Font Info:    Checking defaults for T1/cmr/m/n on input line 32.
LaTeX Font Info:    ... okay on input line 32.
LaTeX Font Info:    Checking defaults for OT1/cmr/m/n on input line 32.
LaTeX Font Info:    ... okay on input line 32.
LaTeX Font Info:    Checking defaults for OMS/cmsy/m/n on input line 32.
LaTeX Font Info:    ... okay on input line 32.
LaTeX Font Info:    Checking defaults for OMX/cmex/m/n on input line 32.
LaTeX Font Info:    ... okay on input line 32.
LaTeX Font Info:    Checking defaults for U/cmr/m/n on input line 32.
LaTeX Font Info:    ... okay on input line 32.
LaTeX Font Info:    Checking defaults for PD1/pdf/m/n on input line 32.
LaTeX Font Info:    ... okay on input line 32.
(D:\soft\MikTex\tex\context\base\supp-pdf.mkii
[Loading MPS to PDF converter (version 2006.09.02).]
\scratchcounter=\count99
\scratchdimen=\dimen107
\scratchbox=\box26
\nofMPsegments=\count100
\nofMParguments=\count101
\everyMPshowfont=\toks17
\MPscratchCnt=\count102
\MPscratchDim=\dimen108
\MPnumerator=\count103
\makeMPintoPDFobject=\count104
\everyMPtoPDFconversion=\toks18
)
\AtBeginShipoutBox=\box27


Package hyperref Warning: Height of page (\paperheight) is invalid (0.0pt),
(hyperref)                using 11in.

(D:\soft\MikTex\tex\latex\graphics\color.sty
Package: color 2005/11/14 v1.0j Standard LaTeX Color (DPC)

(D:\soft\MikTex\tex\latex\00miktex\color.cfg
File: color.cfg 2007/01/18 v1.5 color configuration of teTeX/TeXLive
)
Package color Info: Driver file: pdftex.def on input line 130.
)
Package hyperref Info: Link coloring ON on input line 32.

(D:\soft\MikTex\tex\latex\hyperref\nameref.sty
Package: nameref 2010/04/30 v2.40 Cross-referencing by name of section

(D:\soft\MikTex\tex\generic\oberdiek\gettitlestring.sty
Package: gettitlestring 2010/12/03 v1.4 Cleanup title references (HO)
)
\c@section@level=\count105
)
LaTeX Info: Redefining \ref on input line 32.
LaTeX Info: Redefining \pageref on input line 32.
LaTeX Info: Redefining \nameref on input line 32.
LaTeX Font Info:    Font shape `T1/ptm/bx/n' in size <17.28> not available
(Font)              Font shape `T1/ptm/b/n' tried instead on input line 44.
LaTeX Font Info:    Try loading font information for OT1+ptmcm on input line 44
.

(D:\soft\MikTex\tex\latex\psnfss\ot1ptmcm.fd
File: ot1ptmcm.fd 2000/01/03 Fontinst v1.801 font definitions for OT1/ptmcm.
)
LaTeX Font Info:    Try loading font information for OML+ptmcm on input line 44
.

(D:\soft\MikTex\tex\latex\psnfss\omlptmcm.fd
File: omlptmcm.fd 2000/01/03 Fontinst v1.801 font definitions for OML/ptmcm.
)
LaTeX Font Info:    Try loading font information for OMX+psycm on input line 44
.

(D:\soft\MikTex\tex\latex\psnfss\omxpsycm.fd
File: omxpsycm.fd 2000/01/03 Fontinst v1.801 font definitions for OMX/psycm.
)
LaTeX Font Info:    Try loading font information for OT1+ptm on input line 44.

(D:\soft\MikTex\tex\latex\psnfss\ot1ptm.fd
File: ot1ptm.fd 2001/06/04 font definitions for OT1/ptm.
)
<adap.jpg, id=3, 1004.553pt x 603.4545pt>
File: adap.jpg Graphic file (type jpg)
 <use adap.jpg>
Package pdftex.def Info: adap.jpg used on input line 44.
(pdftex.def)             Requested size: 136.80139pt x 82.17184pt.
File: adap.jpg Graphic file (type jpg)
 <use adap.jpg>
Package pdftex.def Info: adap.jpg used on input line 44.
(pdftex.def)             Requested size: 136.80139pt x 82.17184pt.
File: adap.jpg Graphic file (type jpg)

<use adap.jpg>
Package pdftex.def Info: adap.jpg used on input line 44.
(pdftex.def)             Requested size: 136.80139pt x 82.17184pt.
LaTeX Font Info:    Font shape `T1/ptm/bx/n' in size <9> not available
(Font)              Font shape `T1/ptm/b/n' tried instead on input line 44.


LaTeX Warning: Citation `Losasso:2004:SWS:1015706.1015745' on page 1 undefined 
on input line 76.


LaTeX Warning: Citation `Adams:2007:ASP:1276377.1276437' on page 1 undefined on
 input line 84.


LaTeX Warning: Citation `Hong:2008:API:1394332.1394340' on page 1 undefined on 
input line 84.


LaTeX Warning: Citation `Adams:2007:ASP:1276377.1276437' on page 1 undefined on
 input line 89.

[1{C:/ProgramData/MiKTeX/2.9/pdftex/config/pdftex.map}


 <C:/Users/Justice/Desktop/egPublStyle-SCA2012/egPublStyle-SCA2012/adap.jpg>]

LaTeX Warning: Citation `Foster:1996:RAL:244304.244315' on page 2 undefined on 
input line 104.


LaTeX Warning: Citation `Stam:1999:SF:311535.311548' on page 2 undefined on inp
ut line 107.


LaTeX Warning: Citation `Chentanez:2011:REW:2010324.1964977' on page 2 undefine
d on input line 110.


LaTeX Warning: Citation `Muller:2003:PFS:846276.846298' on page 2 undefined on 
input line 116.


LaTeX Warning: Citation `Muller:2005:PFI:1073368.1073402' on page 2 undefined o
n input line 118.


LaTeX Warning: Citation `Clavet:2005:PVF:1073368.1073400' on page 2 undefined o
n input line 118.


LaTeX Warning: Citation `Harada_Koshizuka_Kawaguchi_2007' on page 2 undefined o
n input line 119.


LaTeX Warning: Citation `Zhu:2005:ASF:1073204.1073298' on page 2 undefined on i
nput line 122.


LaTeX Warning: Citation `Selle:2005:VPM:1073204.1073282' on page 2 undefined on
 input line 123.


LaTeX Warning: Citation `CGF:CGF1562' on page 2 undefined on input line 124.


LaTeX Warning: Citation `Cohen:2010:IFS:1730804.1730807' on page 2 undefined on
 input line 126.


LaTeX Warning: Citation `Kim:2008:WTF:1360612.1360649' on page 2 undefined on i
nput line 132.


LaTeX Warning: Citation `PG2011short:67-72:2011' on page 2 undefined on input l
ine 134.


LaTeX Warning: Citation `Kim:2008:WTF:1360612.1360649' on page 2 undefined on i
nput line 135.


LaTeX Warning: Citation `Kim:2008:WTF:1360612.1360649' on page 2 undefined on i
nput line 136.


LaTeX Warning: Citation `Pfaff:2010:SFS:1882261.1866196' on page 2 undefined on
 input line 137.


LaTeX Warning: Citation `Desbrun:1996:SPN:274976.274981' on page 2 undefined on
 input line 144.


LaTeX Warning: Citation `Adams:2007:ASP:1276377.1276437' on page 2 undefined on
 input line 145.


LaTeX Warning: Citation `Adams:2007:ASP:1276377.1276437' on page 2 undefined on
 input line 148.


LaTeX Warning: Citation `Hong:2008:API:1394332.1394340' on page 2 undefined on 
input line 148.


LaTeX Warning: Citation `Zhu:2005:ASF:1073204.1073298' on page 2 undefined on i
nput line 149.


LaTeX Warning: Citation `Solenthaler:2011:TPS:2010324.1964976' on page 2 undefi
ned on input line 153.


LaTeX Warning: Citation `Zhang:2008:ZSP:12345' on page 2 undefined on input lin
e 155.


LaTeX Warning: Citation `Hong:2008:API:1394332.1394340' on page 2 undefined on 
input line 159.


LaTeX Warning: Citation `Muller:2003:PFS:846276.846298' on page 2 undefined on 
input line 178.

[2]

LaTeX Warning: Citation `Muller:2003:PFS:846276.846298' on page 3 undefined on 
input line 188.


LaTeX Warning: Citation `Adams:2007:ASP:1276377.1276437' on page 3 undefined on
 input line 205.


LaTeX Warning: Citation `Hong:2008:API:1394332.1394340' on page 3 undefined on 
input line 206.


LaTeX Warning: Citation `Kim:2008:WTF:1360612.1360649' on page 3 undefined on i
nput line 232.


LaTeX Warning: Citation `PG2011short:67-72:2011' on page 3 undefined on input l
ine 233.


LaTeX Warning: Citation `PG2011short:67-72:2011' on page 3 undefined on input l
ine 239.


LaTeX Warning: Citation `PG2011short:67-72:2011' on page 3 undefined on input l
ine 246.


LaTeX Warning: Citation `PG2011short:67-72:2011' on page 3 undefined on input l
ine 247.

File: adap.jpg Graphic file (type jpg)
<use adap.jpg>
Package pdftex.def Info: adap.jpg used on input line 256.
(pdftex.def)             Requested size: 86.39868pt x 51.89607pt.
File: adap.jpg Graphic file (type jpg)
 <use adap.jpg>
Package pdftex.def Info: adap.jpg used on input line 259.
(pdftex.def)             Requested size: 86.39868pt x 51.89607pt.


LaTeX Warning: Citation `Muller:2003:PFS:846276.846298' on page 3 undefined on 
input line 266.


LaTeX Warning: Citation `Muller:2003:PFS:846276.846298' on page 3 undefined on 
input line 273.

[3]

LaTeX Warning: Citation `Muller:2003:PFS:846276.846298' on page 4 undefined on 
input line 303.


LaTeX Warning: Citation `Adams:2007:ASP:1276377.1276437' on page 4 undefined on
 input line 304.


LaTeX Warning: Citation `Muller:2003:PFS:846276.846298' on page 4 undefined on 
input line 305.


LaTeX Warning: Citation `Adams:2007:ASP:1276377.1276437' on page 4 undefined on
 input line 310.


Overfull \hbox (20.36636pt too wide) detected at line 311
\OML/ptmcm/m/it/9 F[] \OT1/ptmcm/m/n/9 = \OMS/cmsy/m/n/9   [] \OML/ptmcm/m/it/9
 m[]m[]\OT1/ptmcm/m/n/9 ([] + [])([]) (16)
 []


Overfull \hbox (7.67238pt too wide) detected at line 313
\OML/ptmcm/m/it/9 F[] \OT1/ptmcm/m/n/9 = \OML/ptmcm/m/it/9  [] V[]V[]\OT1/ptmc
m/m/n/9 (\OML/ptmcm/m/it/9 v[] \OMS/cmsy/m/n/9   \OML/ptmcm/m/it/9 v[]\OT1/ptmc
m/m/n/9 )[] (17)
 []


LaTeX Warning: Citation `Hong:2008:API:1394332.1394340' on page 4 undefined on 
input line 320.


LaTeX Warning: Citation `Hong:2008:API:1394332.1394340' on page 4 undefined on 
input line 338.


! LaTeX Error: Environment algorithm undefined.

See the LaTeX manual or LaTeX Companion for explanation.
Type  H <return>  for immediate help.
 ...                                              
                                                  
l.342 \begin{algorithm}
                       [htb]
? 

! LaTeX Error: \caption outside float.

See the LaTeX manual or LaTeX Companion for explanation.
Type  H <return>  for immediate help.
 ...                                              
                                                  
l.343 \caption
              { Wavelet based Adaptive SPH}
? 

! LaTeX Error: Environment algorithmic undefined.

See the LaTeX manual or LaTeX Companion for explanation.
Type  H <return>  for immediate help.
 ...                                              
                                                  
l.344 \begin{algorithmic}
                         [1]
? 
! Undefined control sequence.
l.345 \STATE
             Compute the density for each particle with equation (4).
? 
! Undefined control sequence.
l.346 \STATE
             Compute the pressure for each particle based on constant gas eq...

? 
! Undefined control sequence.
l.347 \STATE
             Compute the smoothed pressure for each particle based on equati...

? 
! Undefined control sequence.
l.348 \STATE
             Compute the smoothed viscosity force for each particle based on...

? 
! Undefined control sequence.
l.349 \STATE
             Compute the surface value and surface tension for each particle...

? 

LaTeX Warning: Citation `Muller:2003:PFS:846276.846298' on page 4 undefined on 
input line 349.

! Undefined control sequence.
l.350 \STATE
             Compute velocity based on the total force applied to particle.
? 
! Undefined control sequence.
l.351 \STATE
             Compute the energy for each particle based on wavelet analysis.
? 
! Undefined control sequence.
l.352 \STATE
             Adaptively split and merge particles.
? 
! Undefined control sequence.
l.353 \STATE
             Advect the particle to the new position.
? 

! LaTeX Error: \begin{document} ended by \end{algorithmic}.

See the LaTeX manual or LaTeX Companion for explanation.
Type  H <return>  for immediate help.
 ...                                              
                                                  
l.354 \end{algorithmic}
                       
? 

! LaTeX Error: \begin{document} ended by \end{algorithm}.

See the LaTeX manual or LaTeX Companion for explanation.
Type  H <return>  for immediate help.
 ...                                              
                                                  
l.355 \end{algorithm}
                     
? 
[4]

LaTeX Warning: Citation `Muller:2003:PFS:846276.846298' on page 5 undefined on 
input line 368.

No file EGauthorGuidelines-sca2012-sub.bbl.
<sampleFig.jpg, id=39, 171.7617pt x 114.9093pt>
File: sampleFig.jpg Graphic file (type jpg)
 <use sampleFig.jpg>
Package pdftex.def Info: sampleFig.jpg used on input line 397.
(pdftex.def)             Requested size: 136.80139pt x 91.52603pt.
File: sampleFig.jpg Graphic file (type jpg)

<use sampleFig.jpg>
Package pdftex.def Info: sampleFig.jpg used on input line 404.
(pdftex.def)             Requested size: 136.80139pt x 91.52603pt.
LaTeX Font Info:    Font shape `T1/ptm/bx/it' in size <9> not available
(Font)              Font shape `T1/ptm/b/it' tried instead on input line 415.
Package atveryend Info: Empty hook `BeforeClearDocument' on input line 418.
 [5

] [6 <C:/Users/Justice/Desktop/egPublStyle-SCA2012/egPublStyle-SCA2012/sampleFi
g.jpg>]
Package atveryend Info: Empty hook `AfterLastShipout' on input line 418.

(C:\Users\Justice\Desktop\egPublStyle-SCA2012\egPublStyle-SCA2012\EGauthorGuide
lines-sca2012-sub.aux)
Package atveryend Info: Executing hook `AtVeryEndDocument' on input line 418.
Package atveryend Info: Empty hook `AtEndAfterFileList' on input line 418.


LaTeX Warning: There were undefined references.


LaTeX Warning: Label(s) may have changed. Rerun to get cross-references right.

Package atveryend Info: Empty hook `AtVeryVeryEnd' on input line 418.
 ) ) 
Here is how much of TeX's memory you used:
 5500 strings out of 494045
 80907 string characters out of 3153620
 175749 words of memory out of 3000000
 8703 multiletter control sequences out of 15000+200000
 45266 words of font info for 65 fonts, out of 3000000 for 9000
 715 hyphenation exceptions out of 8191
 32i,11n,23p,732b,319s stack positions out of 5000i,500n,10000p,200000b,50000s
{D:/soft/MikTex/fonts/enc/dvips/fontname/8r.enc}<D:/soft/MikTex/fonts/type1
/public/amsfonts/cm/cmex10.pfb><D:/soft/MikTex/fonts/type1/public/amsfonts/cm/c
mmi10.pfb><D:/soft/MikTex/fonts/type1/public/amsfonts/cm/cmr10.pfb><D:/soft/Mik
Tex/fonts/type1/public/amsfonts/cm/cmsy9.pfb><D:/soft/MikTex/fonts/type1/urw/sy
mbol/usyr.pfb><D:/soft/MikTex/fonts/type1/urw/times/utmb8a.pfb><D:/soft/MikTex/
fonts/type1/urw/times/utmbi8a.pfb><D:/soft/MikTex/fonts/type1/urw/times/utmr8a.
pfb><D:/soft/MikTex/fonts/type1/urw/times/utmri8a.pfb>
Output written on EGauthorGuidelines-sca2012-sub.pdf (6 pages, 527566 bytes).
PDF statistics:
 87 PDF objects out of 1000 (max. 8388607)
 20 named destinations out of 1000 (max. 500000)
 11 words of extra memory for PDF output out of 10000 (max. 10000000)

